#
# A fatal error has been detected by the Java Runtime Environment:
#
#  SIGSEGV (0xb) at pc=0x00007f29a90699fa, pid=11048, tid=0x00007f29984f6700
#
# JRE version: OpenJDK Runtime Environment (8.0_171-b11) (build 1.8.0_171-8u171-b11-0ubuntu0.16.04.1-b11)
# Java VM: OpenJDK 64-Bit Server VM (25.171-b11 mixed mode linux-amd64 compressed oops)
# Problematic frame:
# v  ~BufferBlob::jni_fast_GetLongField
#
# Failed to write core dump. Core dumps have been disabled. To enable core dumping, try "ulimit -c unlimited" before starting Java again
#
# If you would like to submit a bug report, please visit:
#   http://bugreport.java.com/bugreport/crash.jsp
# The crash happened outside the Java Virtual Machine in native code.
# See problematic frame for where to report the bug.
#

---------------  T H R E A D  ---------------

Current thread (0x00007f29b8268000):  JavaThread "AWT-XAWT" daemon [_thread_in_native, id=11069, stack(0x00007f29983f6000,0x00007f29984f7000)]

siginfo: si_signo: 11 (SIGSEGV), si_code: 1 (SEGV_MAPERR), si_addr: 0x0000000000000000

Registers:
RAX=0x00007f29c1142040, RBX=0x00007f29b82681e0, RCX=0x0000000000000000, RDX=0x0000000000000042
RSP=0x00007f29984f5838, RBP=0x00007f29984f5860, RSI=0x0000000000000000, RDI=0x00007f29b82681e0
R8 =0x00000000c460c0b0, R9 =0x0000000000000000, R10=0x0000000000027cea, R11=0x00007f29a935d858
R12=0x00007f2964112b90, R13=0x0000000000000000, R14=0x00007f299a53fb00, R15=0x00007f29b8268000
RIP=0x00007f29a90699fa, EFLAGS=0x0000000000010246, CSGSFS=0x002b000000000033, ERR=0x0000000000000004
  TRAPNO=0x000000000000000e

Top of Stack: (sp=0x00007f29984f5838)
0x00007f29984f5838:   00007f299a31d094 00007f29a8a70730
0x00007f29984f5848:   00007f2964112b90 00007f29984f5910
0x00007f29984f5858:   00007f29984f58e0 0000000000000000
0x00007f29984f5868:   00007f2999dff3c0 00007f29a8a70730
0x00007f29984f5878:   00007f29984f58a0 0000000000000000
0x00007f29984f5888:   00007f2999df6f93 00007f29984f5910
0x00007f29984f5898:   00007f299a314e0f 00007f29984f58f0
0x00007f29984f58a8:   00007f29a935d8f6 0000000000800003
0x00007f29984f58b8:   00007f29a906c645 0000000000800003
0x00007f29984f58c8:   00007f29a95570b0 c4779a70c4779a70
0x00007f29984f58d8:   00000000c4779a70 00000000c4600178
0x00007f29984f58e8:   0000000000000031 00007f29984f5970
0x00007f29984f58f8:   00007f29a90077d0 00007f29984f5970
0x00007f29984f5908:   00007f29a90077d0 0000000000000000
0x00007f29984f5918:   00007f29a9007b10 00007f296c000e30
0x00007f29984f5928:   00000000c460eca0 00007f29984f5930
0x00007f29984f5938:   00007f29a8a1d88c 00007f29984f59b8
0x00007f29984f5948:   00007f29a8a4d028 0000000000000000
0x00007f29984f5958:   00007f29a8a1d9c8 00007f29984f5910
0x00007f29984f5968:   00007f29984f59b0 00007f29984f5a00
0x00007f29984f5978:   00007f29a9007ffd 0000000000000000
0x00007f29984f5988:   00000000ed145d60 0000000000000000
0x00007f29984f5998:   0000000000000000 0000000000000000
0x00007f29984f59a8:   00000000c460eca0 0000000000000000
0x00007f29984f59b8:   00000000c460ec48 00007f29984f59c0
0x00007f29984f59c8:   00007f29a8a1d6cd 00007f29984f5a10
0x00007f29984f59d8:   00007f29a8a4d028 0000000000000000
0x00007f29984f59e8:   00007f29a8a1d6d8 00007f29984f59b0
0x00007f29984f59f8:   00007f29984f5a10 00007f29984f5a58
0x00007f29984f5a08:   00007f29a9008042 00000000c460ec48
0x00007f29984f5a18:   00007f29984f5a18 00007f29a865153b
0x00007f29984f5a28:   00007f29984f5a68 00007f29a86d8f88 

Instructions: (pc=0x00007f29a90699fa)
0x00007f29a90699da:   00 00 00 00 00 00 44 8b 15 4d 52 10 18 4c 8b ce
0x00007f29a90699ea:   41 f6 c2 01 0f 85 2e 00 00 00 4d 33 ca 4d 33 ca
0x00007f29a90699fa:   4d 8b 09 4c 8b da 49 c1 eb 02 4b 8b 04 19 49 bb
0x00007f29a9069a0a:   34 ec 16 c1 29 7f 00 00 4c 33 d8 4c 33 d8 45 3b 

Register to memory mapping:

RAX=0x00007f29c1142040: <offset 0xefc040> in /usr/lib/jvm/java-8-openjdk-amd64/jre/lib/amd64/server/libjvm.so at 0x00007f29c0246000
RBX=0x00007f29b82681e0 is an unknown value
RCX=0x0000000000000000 is an unknown value
RDX=0x0000000000000042 is an unknown value
RSP=0x00007f29984f5838 is pointing into the stack for thread: 0x00007f29b8268000
RBP=0x00007f29984f5860 is pointing into the stack for thread: 0x00007f29b8268000
RSI=0x0000000000000000 is an unknown value
RDI=0x00007f29b82681e0 is an unknown value
R8 =0x00000000c460c0b0 is an oop
sun.util.logging.PlatformLogger$Level 
 - klass: 'sun/util/logging/PlatformLogger$Level'
R9 =0x0000000000000000 is an unknown value
R10=0x0000000000027cea is an unknown value
R11=0x00007f29a935d858 is at entry_point+24 in (nmethod*)0x00007f29a935d6d0
R12=0x00007f2964112b90 is an unknown value
R13=0x0000000000000000 is an unknown value
R14=0x00007f299a53fb00: <offset 0x258b00> in /usr/lib/jvm/java-8-openjdk-amd64/jre/lib/amd64/libawt_xawt.so at 0x00007f299a2e7000
R15=0x00007f29b8268000 is a thread


Stack: [0x00007f29983f6000,0x00007f29984f7000],  sp=0x00007f29984f5838,  free space=1022k
Native frames: (J=compiled Java code, j=interpreted, Vv=VM code, C=native code)
v  ~BufferBlob::jni_fast_GetLongField
C  [libX11.so.6+0x643c0]  _XimServerDestroy+0x70

Java frames: (J=compiled Java code, j=interpreted, Vv=VM code)
J 917  sun.awt.X11.XlibWrapper.XFilterEvent(JJ)Z (0 bytes) @ 0x00007f29a935d884 [0x00007f29a935d840+0x44]
j  sun.awt.X11.XToolkit.run(Z)V+300
j  sun.awt.X11.XToolkit.run()V+5
j  java.lang.Thread.run()V+11
v  ~StubRoutines::call_stub

---------------  P R O C E S S  ---------------

Java Threads: ( => current thread )
  0x00007f2964120800 JavaThread "TimerQueue" daemon [_thread_blocked, id=11082, stack(0x00007f29594f9000,0x00007f29595fa000)]
  0x00007f296409d800 JavaThread "PulseAudio Eventloop Thread" daemon [_thread_in_Java, id=11080, stack(0x00007f299806e000,0x00007f299816f000)]
  0x00007f29b800b000 JavaThread "DestroyJavaVM" [_thread_blocked, id=11050, stack(0x00007f29c1ea2000,0x00007f29c1fa3000)]
  0x00007f29b826e000 JavaThread "AWT-EventQueue-0" [_thread_in_Java, id=11071, stack(0x00007f29981f4000,0x00007f29982f5000)]
  0x00007f29b826c000 JavaThread "AWT-Shutdown" [_thread_blocked, id=11070, stack(0x00007f29982f5000,0x00007f29983f6000)]
=>0x00007f29b8268000 JavaThread "AWT-XAWT" daemon [_thread_in_native, id=11069, stack(0x00007f29983f6000,0x00007f29984f7000)]
  0x00007f29b824c000 JavaThread "Java2D Disposer" daemon [_thread_blocked, id=11068, stack(0x00007f2998907000,0x00007f2998a08000)]
  0x00007f29b80c0000 JavaThread "Service Thread" daemon [_thread_blocked, id=11066, stack(0x00007f299a912000,0x00007f299aa13000)]
  0x00007f29b80bd000 JavaThread "C1 CompilerThread2" daemon [_thread_blocked, id=11065, stack(0x00007f299aa13000,0x00007f299ab14000)]
  0x00007f29b80bb800 JavaThread "C2 CompilerThread1" daemon [_thread_blocked, id=11064, stack(0x00007f299ab14000,0x00007f299ac15000)]
  0x00007f29b80b8800 JavaThread "C2 CompilerThread0" daemon [_thread_blocked, id=11063, stack(0x00007f299ac15000,0x00007f299ad16000)]
  0x00007f29b80b7000 JavaThread "Signal Dispatcher" daemon [_thread_in_vm, id=11062, stack(0x00007f299ad16000,0x00007f299ae17000)]
  0x00007f29b8084800 JavaThread "Finalizer" daemon [_thread_blocked, id=11061, stack(0x00007f299b0f1000,0x00007f299b1f2000)]
  0x00007f29b8080000 JavaThread "Reference Handler" daemon [_thread_blocked, id=11060, stack(0x00007f299b1f2000,0x00007f299b2f3000)]

Other Threads:
  0x00007f29b8078800 VMThread [stack: 0x00007f299b2f3000,0x00007f299b3f4000] [id=11055]
  0x00007f29b80c2800 WatcherThread [stack: 0x00007f299a811000,0x00007f299a912000] [id=11067]

VM state:synchronizing (normal execution)

VM Mutex/Monitor currently owned by a thread:  ([mutex/lock_event])
[0x00007f29b80074d0] Safepoint_lock - owner thread: 0x00007f29b8078800
[0x00007f29b8007550] Threads_lock - owner thread: 0x00007f29b8078800
[0x00007f29b8007a50] Heap_lock - owner thread: 0x00007f29b826e000

Heap:
 PSYoungGen      total 113152K, used 112704K [0x00000000ec200000, 0x0000000100000000, 0x0000000100000000)
  eden space 112640K, 100% used [0x00000000ec200000,0x00000000f3000000,0x00000000f3000000)
  from space 512K, 12% used [0x00000000fff80000,0x00000000fff90000,0x0000000100000000)
  to   space 512K, 0% used [0x00000000fff00000,0x00000000fff00000,0x00000000fff80000)
 ParOldGen       total 40960K, used 6190K [0x00000000c4600000, 0x00000000c6e00000, 0x00000000ec200000)
  object space 40960K, 15% used [0x00000000c4600000,0x00000000c4c0ba90,0x00000000c6e00000)
 Metaspace       used 13563K, capacity 13854K, committed 13952K, reserved 1060864K
  class space    used 1524K, capacity 1651K, committed 1664K, reserved 1048576K

Card table byte_map: [0x00007f29be376000,0x00007f29be554000] byte_map_base: 0x00007f29bdd53000

Marking Bits: (ParMarkBitMap*) 0x00007f29c116e320
 Begin Bits: [0x00007f29bc064000, 0x00007f29bcf4c000)
 End Bits:   [0x00007f29bcf4c000, 0x00007f29bde34000)

Polling page: 0x00007f29c1fc2000

CodeCache: size=245760Kb used=5998Kb max_used=6076Kb free=239761Kb
 bounds [0x00007f29a9000000, 0x00007f29a9610000, 0x00007f29b8000000]
 total_blobs=2291 nmethods=1741 adapters=463
 compilation: enabled

Compilation events (10 events):
Event: 7485,779 Thread 0x00007f29b80bd000 1826       3       sun.awt.X11.WindowPropertyGetter::getActualFormat (45 bytes)
Event: 7485,779 Thread 0x00007f29b80bd000 nmethod 1826 0x00007f29a9214d10 code [0x00007f29a9214ec0, 0x00007f29a9215278]
Event: 8561,186 Thread 0x00007f29b80b8800 1827   !   4       sun.awt.X11.XDragSourceContextPeer::processEvent (34 bytes)
Event: 8561,205 Thread 0x00007f29b80bb800 1828   !   4       sun.awt.X11.XDragSourceContextPeer::doProcessEvent (690 bytes)
Event: 8562,217 Thread 0x00007f29b80bb800 nmethod 1828 0x00007f29a9241a90 code [0x00007f29a9241be0, 0x00007f29a9241c98]
Event: 8562,439 Thread 0x00007f29b80b8800 nmethod 1827 0x00007f29a912d590 code [0x00007f29a912d740, 0x00007f29a912da70]
Event: 8661,475 Thread 0x00007f29b80bd000 1829       1       sun.awt.X11.XKeyEvent::getSize (3 bytes)
Event: 8661,497 Thread 0x00007f29b80bd000 nmethod 1829 0x00007f29a9250dd0 code [0x00007f29a9250f20, 0x00007f29a9251010]
Event: 9543,943 Thread 0x00007f29b80b8800 1830   !   4       java.util.Vector$Itr::next (63 bytes)
Event: 9544,616 Thread 0x00007f29b80b8800 nmethod 1830 0x00007f29a926c150 code [0x00007f29a926c2a0, 0x00007f29a926c5f8]

GC Heap History (10 events):
Event: 9879,374 GC heap before
{Heap before GC invocations=81496 (full 0):
 PSYoungGen      total 121344K, used 120864K [0x00000000ec200000, 0x0000000100000000, 0x0000000100000000)
  eden space 120832K, 100% used [0x00000000ec200000,0x00000000f3800000,0x00000000f3800000)
  from space 512K, 6% used [0x00000000fff00000,0x00000000fff08000,0x00000000fff80000)
  to   space 512K, 0% used [0x00000000fff80000,0x00000000fff80000,0x0000000100000000)
 ParOldGen       total 40960K, used 6182K [0x00000000c4600000, 0x00000000c6e00000, 0x00000000ec200000)
  object space 40960K, 15% used [0x00000000c4600000,0x00000000c4c09a90,0x00000000c6e00000)
 Metaspace       used 13561K, capacity 13854K, committed 13952K, reserved 1060864K
  class space    used 1523K, capacity 1651K, committed 1664K, reserved 1048576K
Event: 9879,375 GC heap after
Heap after GC invocations=81496 (full 0):
 PSYoungGen      total 116224K, used 32K [0x00000000ec200000, 0x0000000100000000, 0x0000000100000000)
  eden space 115712K, 0% used [0x00000000ec200000,0x00000000ec200000,0x00000000f3300000)
  from space 512K, 6% used [0x00000000fff80000,0x00000000fff88000,0x0000000100000000)
  to   space 512K, 0% used [0x00000000fff00000,0x00000000fff00000,0x00000000fff80000)
 ParOldGen       total 40960K, used 6182K [0x00000000c4600000, 0x00000000c6e00000, 0x00000000ec200000)
  object space 40960K, 15% used [0x00000000c4600000,0x00000000c4c09a90,0x00000000c6e00000)
 Metaspace       used 13561K, capacity 13854K, committed 13952K, reserved 1060864K
  class space    used 1523K, capacity 1651K, committed 1664K, reserved 1048576K
}
Event: 9879,521 GC heap before
{Heap before GC invocations=81497 (full 0):
 PSYoungGen      total 116224K, used 115744K [0x00000000ec200000, 0x0000000100000000, 0x0000000100000000)
  eden space 115712K, 100% used [0x00000000ec200000,0x00000000f3300000,0x00000000f3300000)
  from space 512K, 6% used [0x00000000fff80000,0x00000000fff88000,0x0000000100000000)
  to   space 512K, 0% used [0x00000000fff00000,0x00000000fff00000,0x00000000fff80000)
 ParOldGen       total 40960K, used 6182K [0x00000000c4600000, 0x00000000c6e00000, 0x00000000ec200000)
  object space 40960K, 15% used [0x00000000c4600000,0x00000000c4c09a90,0x00000000c6e00000)
 Metaspace       used 13561K, capacity 13854K, committed 13952K, reserved 1060864K
  class space    used 1523K, capacity 1651K, committed 1664K, reserved 1048576K
Event: 9879,522 GC heap after
Heap after GC invocations=81497 (full 0):
 PSYoungGen      total 111616K, used 32K [0x00000000ec200000, 0x0000000100000000, 0x0000000100000000)
  eden space 111104K, 0% used [0x00000000ec200000,0x00000000ec200000,0x00000000f2e80000)
  from space 512K, 6% used [0x00000000fff00000,0x00000000fff08000,0x00000000fff80000)
  to   space 512K, 0% used [0x00000000fff80000,0x00000000fff80000,0x0000000100000000)
 ParOldGen       total 40960K, used 6182K [0x00000000c4600000, 0x00000000c6e00000, 0x00000000ec200000)
  object space 40960K, 15% used [0x00000000c4600000,0x00000000c4c09a90,0x00000000c6e00000)
 Metaspace       used 13561K, capacity 13854K, committed 13952K, reserved 1060864K
  class space    used 1523K, capacity 1651K, committed 1664K, reserved 1048576K
}
Event: 9879,662 GC heap before
{Heap before GC invocations=81498 (full 0):
 PSYoungGen      total 111616K, used 111136K [0x00000000ec200000, 0x0000000100000000, 0x0000000100000000)
  eden space 111104K, 100% used [0x00000000ec200000,0x00000000f2e80000,0x00000000f2e80000)
  from space 512K, 6% used [0x00000000fff00000,0x00000000fff08000,0x00000000fff80000)
  to   space 512K, 0% used [0x00000000fff80000,0x00000000fff80000,0x0000000100000000)
 ParOldGen       total 40960K, used 6182K [0x00000000c4600000, 0x00000000c6e00000, 0x00000000ec200000)
  object space 40960K, 15% used [0x00000000c4600000,0x00000000c4c09a90,0x00000000c6e00000)
 Metaspace       used 13561K, capacity 13854K, committed 13952K, reserved 1060864K
  class space    used 1523K, capacity 1651K, committed 1664K, reserved 1048576K
Event: 9879,663 GC heap after
Heap after GC invocations=81498 (full 0):
 PSYoungGen      total 107008K, used 32K [0x00000000ec200000, 0x0000000100000000, 0x0000000100000000)
  eden space 106496K, 0% used [0x00000000ec200000,0x00000000ec200000,0x00000000f2a00000)
  from space 512K, 6% used [0x00000000fff80000,0x00000000fff88000,0x0000000100000000)
  to   space 512K, 0% used [0x00000000fff00000,0x00000000fff00000,0x00000000fff80000)
 ParOldGen       total 40960K, used 6182K [0x00000000c4600000, 0x00000000c6e00000, 0x00000000ec200000)
  object space 40960K, 15% used [0x00000000c4600000,0x00000000c4c09a90,0x00000000c6e00000)
 Metaspace       used 13561K, capacity 13854K, committed 13952K, reserved 1060864K
  class space    used 1523K, capacity 1651K, committed 1664K, reserved 1048576K
}
Event: 9879,797 GC heap before
{Heap before GC invocations=81499 (full 0):
 PSYoungGen      total 107008K, used 106528K [0x00000000ec200000, 0x0000000100000000, 0x0000000100000000)
  eden space 106496K, 100% used [0x00000000ec200000,0x00000000f2a00000,0x00000000f2a00000)
  from space 512K, 6% used [0x00000000fff80000,0x00000000fff88000,0x0000000100000000)
  to   space 512K, 0% used [0x00000000fff00000,0x00000000fff00000,0x00000000fff80000)
 ParOldGen       total 40960K, used 6182K [0x00000000c4600000, 0x00000000c6e00000, 0x00000000ec200000)
  object space 40960K, 15% used [0x00000000c4600000,0x00000000c4c09a90,0x00000000c6e00000)
 Metaspace       used 13561K, capacity 13854K, committed 13952K, reserved 1060864K
  class space    used 1523K, capacity 1651K, committed 1664K, reserved 1048576K
Event: 9879,798 GC heap after
Heap after GC invocations=81499 (full 0):
 PSYoungGen      total 102400K, used 32K [0x00000000ec200000, 0x0000000100000000, 0x0000000100000000)
  eden space 101888K, 0% used [0x00000000ec200000,0x00000000ec200000,0x00000000f2580000)
  from space 512K, 6% used [0x00000000fff00000,0x00000000fff08000,0x00000000fff80000)
  to   space 512K, 0% used [0x00000000fff80000,0x00000000fff80000,0x0000000100000000)
 ParOldGen       total 40960K, used 6182K [0x00000000c4600000, 0x00000000c6e00000, 0x00000000ec200000)
  object space 40960K, 15% used [0x00000000c4600000,0x00000000c4c09a90,0x00000000c6e00000)
 Metaspace       used 13561K, capacity 13854K, committed 13952K, reserved 1060864K
  class space    used 1523K, capacity 1651K, committed 1664K, reserved 1048576K
}
Event: 9899,162 GC heap before
{Heap before GC invocations=81500 (full 0):
 PSYoungGen      total 102400K, used 101920K [0x00000000ec200000, 0x0000000100000000, 0x0000000100000000)
  eden space 101888K, 100% used [0x00000000ec200000,0x00000000f2580000,0x00000000f2580000)
  from space 512K, 6% used [0x00000000fff00000,0x00000000fff08000,0x00000000fff80000)
  to   space 512K, 0% used [0x00000000fff80000,0x00000000fff80000,0x0000000100000000)
 ParOldGen       total 40960K, used 6182K [0x00000000c4600000, 0x00000000c6e00000, 0x00000000ec200000)
  object space 40960K, 15% used [0x00000000c4600000,0x00000000c4c09a90,0x00000000c6e00000)
 Metaspace       used 13561K, capacity 13854K, committed 13952K, reserved 1060864K
  class space    used 1523K, capacity 1651K, committed 1664K, reserved 1048576K
Event: 9899,375 GC heap after
Heap after GC invocations=81500 (full 0):
 PSYoungGen      total 98304K, used 32K [0x00000000ec200000, 0x0000000100000000, 0x0000000100000000)
  eden space 97792K, 0% used [0x00000000ec200000,0x00000000ec200000,0x00000000f2180000)
  from space 512K, 6% used [0x00000000fff80000,0x00000000fff88000,0x0000000100000000)
  to   space 512K, 0% used [0x00000000fff00000,0x00000000fff00000,0x00000000fff80000)
 ParOldGen       total 40960K, used 6182K [0x00000000c4600000, 0x00000000c6e00000, 0x00000000ec200000)
  object space 40960K, 15% used [0x00000000c4600000,0x00000000c4c09a90,0x00000000c6e00000)
 Metaspace       used 13561K, capacity 13854K, committed 13952K, reserved 1060864K
  class space    used 1523K, capacity 1651K, committed 1664K, reserved 1048576K
}

Deoptimization events (6 events):
Event: 3,202 Thread 0x00007f29b826e000 Uncommon trap: reason=class_check action=maybe_recompile pc=0x00007f29a91796a8 method=java.lang.String.equals(Ljava/lang/Object;)Z @ 8
Event: 3,202 Thread 0x00007f29b826e000 Uncommon trap: reason=class_check action=maybe_recompile pc=0x00007f29a91796a8 method=java.lang.String.equals(Ljava/lang/Object;)Z @ 8
Event: 3,296 Thread 0x00007f29b826e000 Uncommon trap: reason=class_check action=maybe_recompile pc=0x00007f29a91796a8 method=java.lang.String.equals(Ljava/lang/Object;)Z @ 8
Event: 3,296 Thread 0x00007f29b826e000 Uncommon trap: reason=class_check action=maybe_recompile pc=0x00007f29a91796a8 method=java.lang.String.equals(Ljava/lang/Object;)Z @ 8
Event: 20,549 Thread 0x00007f29b826e000 Uncommon trap: reason=unstable_if action=reinterpret pc=0x00007f29a9495fe0 method=java.lang.ref.SoftReference.get()Ljava/lang/Object; @ 17
Event: 28,562 Thread 0x00007f29b8268000 Uncommon trap: reason=unstable_if action=reinterpret pc=0x00007f29a959daa8 method=sun.awt.X11.XWindow.getModifiers(III)I @ 116

Classes redefined (0 events):
No events

Internal exceptions (10 events):
Event: 0,148 Thread 0x00007f29b800b000 Exception <a 'java/security/PrivilegedActionException'> (0x00000000ec292b38) thrown at [/build/openjdk-8-wnL82d/openjdk-8-8u171-b11/src/hotspot/src/share/vm/prims/jvm.cpp, line 1435]
Event: 0,148 Thread 0x00007f29b800b000 Exception <a 'java/security/PrivilegedActionException'> (0x00000000ec292d48) thrown at [/build/openjdk-8-wnL82d/openjdk-8-8u171-b11/src/hotspot/src/share/vm/prims/jvm.cpp, line 1435]
Event: 0,278 Thread 0x00007f29b800b000 Exception <a 'java/lang/NoSuchFieldError': method resolution failed> (0x00000000ec3bd458) thrown at [/build/openjdk-8-wnL82d/openjdk-8-8u171-b11/src/hotspot/src/share/vm/prims/methodHandles.cpp, line 1167]
Event: 0,286 Thread 0x00007f29b800b000 Exception <a 'java/lang/NoSuchFieldError': method resolution failed> (0x00000000ec3cac58) thrown at [/build/openjdk-8-wnL82d/openjdk-8-8u171-b11/src/hotspot/src/share/vm/prims/methodHandles.cpp, line 1167]
Event: 0,332 Thread 0x00007f29b800b000 Exception <a 'java/io/FileNotFoundException'> (0x00000000ec44a7a0) thrown at [/build/openjdk-8-wnL82d/openjdk-8-8u171-b11/src/hotspot/src/share/vm/prims/jni.cpp, line 709]
Event: 0,332 Thread 0x00007f29b800b000 Exception <a 'java/io/FileNotFoundException'> (0x00000000ec44b318) thrown at [/build/openjdk-8-wnL82d/openjdk-8-8u171-b11/src/hotspot/src/share/vm/prims/jni.cpp, line 709]
Event: 0,356 Thread 0x00007f29b800b000 Exception <a 'java/lang/ClassNotFoundException': sun/dc/DuctusRenderingEngine> (0x00000000ec46d8e8) thrown at [/build/openjdk-8-wnL82d/openjdk-8-8u171-b11/src/hotspot/src/share/vm/classfile/systemDictionary.cpp, line 210]
Event: 1,179 Thread 0x00007f29b826e000 Exception <a 'java/lang/UnsupportedOperationException': > (0x00000000ec96c580) thrown at [/build/openjdk-8-wnL82d/openjdk-8-8u171-b11/src/hotspot/src/share/vm/prims/jni.cpp, line 735]
Event: 7,341 Thread 0x00007f29b826e000 Exception <a 'java/lang/UnsupportedOperationException': > (0x00000000eca41cb8) thrown at [/build/openjdk-8-wnL82d/openjdk-8-8u171-b11/src/hotspot/src/share/vm/prims/jni.cpp, line 735]
Event: 10,037 Thread 0x00007f29b826e000 Exception <a 'java/lang/UnsupportedOperationException': > (0x00000000ecac06b0) thrown at [/build/openjdk-8-wnL82d/openjdk-8-8u171-b11/src/hotspot/src/share/vm/prims/jni.cpp, line 735]

Events (10 events):
Event: 9879,521 Executing VM operation: ParallelGCFailedAllocation
Event: 9879,522 Executing VM operation: ParallelGCFailedAllocation done
Event: 9879,662 Executing VM operation: ParallelGCFailedAllocation
Event: 9879,663 Executing VM operation: ParallelGCFailedAllocation done
Event: 9879,797 Executing VM operation: ParallelGCFailedAllocation
Event: 9879,798 Executing VM operation: ParallelGCFailedAllocation done
Event: 9879,936 Executing VM operation: ParallelGCFailedAllocation
Event: 9899,159 loading class sun/misc/Signal$1
Event: 9899,375 Executing VM operation: ParallelGCFailedAllocation done
Event: 9899,497 Executing VM operation: ParallelGCFailedAllocation


Dynamic libraries:
00400000-00401000 r-xp 00000000 08:06 4327224                            /usr/lib/jvm/java-8-openjdk-amd64/jre/bin/java
00600000-00601000 r--p 00000000 08:06 4327224                            /usr/lib/jvm/java-8-openjdk-amd64/jre/bin/java
00601000-00602000 rw-p 00001000 08:06 4327224                            /usr/lib/jvm/java-8-openjdk-amd64/jre/bin/java
00a7c000-00a9d000 rw-p 00000000 00:00 0                                  [heap]
c4600000-c6e00000 rw-p 00000000 00:00 0 
c6e00000-ec200000 ---p 00000000 00:00 0 
ec200000-100000000 rw-p 00000000 00:00 0 
100000000-1001a0000 rw-p 00000000 00:00 0 
1001a0000-140000000 ---p 00000000 00:00 0 
7f2944000000-7f2944021000 rw-p 00000000 00:00 0 
7f2944021000-7f2948000000 ---p 00000000 00:00 0 
7f294bffe000-7f294ffff000 rw-s 00000000 00:19 10                         /dev/shm/pulse-shm-336641444 (deleted)
7f294ffff000-7f2954000000 rw-s 00000000 00:19 15                         /dev/shm/pulse-shm-160340857
7f2954000000-7f2954021000 rw-p 00000000 00:00 0 
7f2954021000-7f2958000000 ---p 00000000 00:00 0 
7f2958632000-7f2958633000 ---p 00000000 00:00 0 
7f2958633000-7f2958e33000 rw-p 00000000 00:00 0 
7f29594f9000-7f29594fc000 ---p 00000000 00:00 0 
7f29594fc000-7f29597fa000 rw-p 00000000 00:00 0 
7f29597fa000-7f2959806000 r-xp 00000000 08:06 4327184                    /usr/lib/jvm/java-8-openjdk-amd64/jre/lib/amd64/libicedtea-sound.so
7f2959806000-7f2959a06000 ---p 0000c000 08:06 4327184                    /usr/lib/jvm/java-8-openjdk-amd64/jre/lib/amd64/libicedtea-sound.so
7f2959a06000-7f2959a07000 r--p 0000c000 08:06 4327184                    /usr/lib/jvm/java-8-openjdk-amd64/jre/lib/amd64/libicedtea-sound.so
7f2959a07000-7f2959a08000 rw-p 0000d000 08:06 4327184                    /usr/lib/jvm/java-8-openjdk-amd64/jre/lib/amd64/libicedtea-sound.so
7f2959a08000-7f295ca09000 rw-p 00000000 00:00 0 
7f295ca09000-7f295ca1f000 r-xp 00000000 08:06 4327270                    /usr/lib/jvm/java-8-openjdk-amd64/jre/lib/amd64/libnet.so
7f295ca1f000-7f295cc1f000 ---p 00016000 08:06 4327270                    /usr/lib/jvm/java-8-openjdk-amd64/jre/lib/amd64/libnet.so
7f295cc1f000-7f295cc20000 r--p 00016000 08:06 4327270                    /usr/lib/jvm/java-8-openjdk-amd64/jre/lib/amd64/libnet.so
7f295cc20000-7f295cc21000 rw-p 00017000 08:06 4327270                    /usr/lib/jvm/java-8-openjdk-amd64/jre/lib/amd64/libnet.so
7f295cc21000-7f295cc32000 r-xp 00000000 08:06 4327276                    /usr/lib/jvm/java-8-openjdk-amd64/jre/lib/amd64/libnio.so
7f295cc32000-7f295ce32000 ---p 00011000 08:06 4327276                    /usr/lib/jvm/java-8-openjdk-amd64/jre/lib/amd64/libnio.so
7f295ce32000-7f295ce33000 r--p 00011000 08:06 4327276                    /usr/lib/jvm/java-8-openjdk-amd64/jre/lib/amd64/libnio.so
7f295ce33000-7f295ce34000 rw-p 00012000 08:06 4327276                    /usr/lib/jvm/java-8-openjdk-amd64/jre/lib/amd64/libnio.so
7f295ce34000-7f295ce3a000 r-xp 00000000 08:06 4589716                    /usr/lib/x86_64-linux-gnu/alsa-lib/libasound_module_pcm_pulse.so
7f295ce3a000-7f295d039000 ---p 00006000 08:06 4589716                    /usr/lib/x86_64-linux-gnu/alsa-lib/libasound_module_pcm_pulse.so
7f295d039000-7f295d03a000 r--p 00005000 08:06 4589716                    /usr/lib/x86_64-linux-gnu/alsa-lib/libasound_module_pcm_pulse.so
7f295d03a000-7f295d03b000 rw-p 00006000 08:06 4589716                    /usr/lib/x86_64-linux-gnu/alsa-lib/libasound_module_pcm_pulse.so
7f295d03b000-7f295d065000 r-xp 00000000 08:06 4330476                    /usr/lib/x86_64-linux-gnu/libvorbis.so.0.4.8
7f295d065000-7f295d264000 ---p 0002a000 08:06 4330476                    /usr/lib/x86_64-linux-gnu/libvorbis.so.0.4.8
7f295d264000-7f295d265000 r--p 00029000 08:06 4330476                    /usr/lib/x86_64-linux-gnu/libvorbis.so.0.4.8
7f295d265000-7f295d266000 rw-p 0002a000 08:06 4330476                    /usr/lib/x86_64-linux-gnu/libvorbis.so.0.4.8
7f295d266000-7f295d26d000 r-xp 00000000 08:06 4335167                    /usr/lib/x86_64-linux-gnu/libogg.so.0.8.2
7f295d26d000-7f295d46d000 ---p 00007000 08:06 4335167                    /usr/lib/x86_64-linux-gnu/libogg.so.0.8.2
7f295d46d000-7f295d46e000 r--p 00007000 08:06 4335167                    /usr/lib/x86_64-linux-gnu/libogg.so.0.8.2
7f295d46e000-7f295d46f000 rw-p 00008000 08:06 4335167                    /usr/lib/x86_64-linux-gnu/libogg.so.0.8.2
7f295d46f000-7f295d481000 r-xp 00000000 08:06 5509706                    /lib/x86_64-linux-gnu/libgpg-error.so.0.17.0
7f295d481000-7f295d681000 ---p 00012000 08:06 5509706                    /lib/x86_64-linux-gnu/libgpg-error.so.0.17.0
7f295d681000-7f295d682000 r--p 00012000 08:06 5509706                    /lib/x86_64-linux-gnu/libgpg-error.so.0.17.0
7f295d682000-7f295d683000 rw-p 00013000 08:06 5509706                    /lib/x86_64-linux-gnu/libgpg-error.so.0.17.0
7f295d683000-7f295d6f1000 r-xp 00000000 08:06 5509791                    /lib/x86_64-linux-gnu/libpcre.so.3.13.2
7f295d6f1000-7f295d8f1000 ---p 0006e000 08:06 5509791                    /lib/x86_64-linux-gnu/libpcre.so.3.13.2
7f295d8f1000-7f295d8f2000 r--p 0006e000 08:06 5509791                    /lib/x86_64-linux-gnu/libpcre.so.3.13.2
7f295d8f2000-7f295d8f3000 rw-p 0006f000 08:06 5509791                    /lib/x86_64-linux-gnu/libpcre.so.3.13.2
7f295d8f3000-7f295d90a000 r-xp 00000000 08:06 5505112                    /lib/x86_64-linux-gnu/libresolv-2.23.so
7f295d90a000-7f295db0a000 ---p 00017000 08:06 5505112                    /lib/x86_64-linux-gnu/libresolv-2.23.so
7f295db0a000-7f295db0b000 r--p 00017000 08:06 5505112                    /lib/x86_64-linux-gnu/libresolv-2.23.so
7f295db0b000-7f295db0c000 rw-p 00018000 08:06 5505112                    /lib/x86_64-linux-gnu/libresolv-2.23.so
7f295db0c000-7f295db0e000 rw-p 00000000 00:00 0 
7f295db0e000-7f295db9b000 r-xp 00000000 08:06 4326903                    /usr/lib/x86_64-linux-gnu/libvorbisenc.so.2.0.11
7f295db9b000-7f295dd9a000 ---p 0008d000 08:06 4326903                    /usr/lib/x86_64-linux-gnu/libvorbisenc.so.2.0.11
7f295dd9a000-7f295ddb6000 r--p 0008c000 08:06 4326903                    /usr/lib/x86_64-linux-gnu/libvorbisenc.so.2.0.11
7f295ddb6000-7f295ddb7000 rw-p 000a8000 08:06 4326903                    /usr/lib/x86_64-linux-gnu/libvorbisenc.so.2.0.11
7f295ddb7000-7f295de2a000 r-xp 00000000 08:06 4334084                    /usr/lib/x86_64-linux-gnu/libFLAC.so.8.3.0
7f295de2a000-7f295e02a000 ---p 00073000 08:06 4334084                    /usr/lib/x86_64-linux-gnu/libFLAC.so.8.3.0
7f295e02a000-7f295e02b000 r--p 00073000 08:06 4334084                    /usr/lib/x86_64-linux-gnu/libFLAC.so.8.3.0
7f295e02b000-7f295e02c000 rw-p 00074000 08:06 4334084                    /usr/lib/x86_64-linux-gnu/libFLAC.so.8.3.0
7f295e02c000-7f295e103000 r-xp 00000000 08:06 5509543                    /lib/x86_64-linux-gnu/libgcrypt.so.20.0.5
7f295e103000-7f295e303000 ---p 000d7000 08:06 5509543                    /lib/x86_64-linux-gnu/libgcrypt.so.20.0.5
7f295e303000-7f295e304000 r--p 000d7000 08:06 5509543                    /lib/x86_64-linux-gnu/libgcrypt.so.20.0.5
7f295e304000-7f295e30c000 rw-p 000d8000 08:06 5509543                    /lib/x86_64-linux-gnu/libgcrypt.so.20.0.5
7f295e30c000-7f295e30d000 rw-p 00000000 00:00 0 
7f295e30d000-7f295e32e000 r-xp 00000000 08:06 5509729                    /lib/x86_64-linux-gnu/liblzma.so.5.0.0
7f295e32e000-7f295e52d000 ---p 00021000 08:06 5509729                    /lib/x86_64-linux-gnu/liblzma.so.5.0.0
7f295e52d000-7f295e52e000 r--p 00020000 08:06 5509729                    /lib/x86_64-linux-gnu/liblzma.so.5.0.0
7f295e52e000-7f295e52f000 rw-p 00021000 08:06 5509729                    /lib/x86_64-linux-gnu/liblzma.so.5.0.0
7f295e52f000-7f295e54e000 r-xp 00000000 08:06 5509820                    /lib/x86_64-linux-gnu/libselinux.so.1
7f295e54e000-7f295e74d000 ---p 0001f000 08:06 5509820                    /lib/x86_64-linux-gnu/libselinux.so.1
7f295e74d000-7f295e74e000 r--p 0001e000 08:06 5509820                    /lib/x86_64-linux-gnu/libselinux.so.1
7f295e74e000-7f295e74f000 rw-p 0001f000 08:06 5509820                    /lib/x86_64-linux-gnu/libselinux.so.1
7f295e74f000-7f295e751000 rw-p 00000000 00:00 0 
7f295e751000-7f295e756000 r-xp 00000000 08:06 4334338                    /usr/lib/x86_64-linux-gnu/libasyncns.so.0.3.1
7f295e756000-7f295e955000 ---p 00005000 08:06 4334338                    /usr/lib/x86_64-linux-gnu/libasyncns.so.0.3.1
7f295e955000-7f295e956000 r--p 00004000 08:06 4334338                    /usr/lib/x86_64-linux-gnu/libasyncns.so.0.3.1
7f295e956000-7f295e957000 rw-p 00005000 08:06 4334338                    /usr/lib/x86_64-linux-gnu/libasyncns.so.0.3.1
7f295e957000-7f295e9b9000 r-xp 00000000 08:06 4335375                    /usr/lib/x86_64-linux-gnu/libsndfile.so.1.0.25
7f295e9b9000-7f295ebb9000 ---p 00062000 08:06 4335375                    /usr/lib/x86_64-linux-gnu/libsndfile.so.1.0.25
7f295ebb9000-7f295ebbb000 r--p 00062000 08:06 4335375                    /usr/lib/x86_64-linux-gnu/libsndfile.so.1.0.25
7f295ebbb000-7f295ebbc000 rw-p 00064000 08:06 4335375                    /usr/lib/x86_64-linux-gnu/libsndfile.so.1.0.25
7f295ebbc000-7f295ebc0000 rw-p 00000000 00:00 0 
7f295ebc0000-7f295ebc8000 r-xp 00000000 08:06 5509848                    /lib/x86_64-linux-gnu/libwrap.so.0.7.6
7f295ebc8000-7f295edc7000 ---p 00008000 08:06 5509848                    /lib/x86_64-linux-gnu/libwrap.so.0.7.6
7f295edc7000-7f295edc8000 r--p 00007000 08:06 5509848                    /lib/x86_64-linux-gnu/libwrap.so.0.7.6
7f295edc8000-7f295edc9000 rw-p 00008000 08:06 5509848                    /lib/x86_64-linux-gnu/libwrap.so.0.7.6
7f295edc9000-7f295edca000 rw-p 00000000 00:00 0 
7f295edca000-7f295ee14000 r-xp 00000000 08:06 5509678                    /lib/x86_64-linux-gnu/libdbus-1.so.3.14.6
7f295ee14000-7f295f014000 ---p 0004a000 08:06 5509678                    /lib/x86_64-linux-gnu/libdbus-1.so.3.14.6
7f295f014000-7f295f015000 r--p 0004a000 08:06 5509678                    /lib/x86_64-linux-gnu/libdbus-1.so.3.14.6
7f295f015000-7f295f016000 rw-p 0004b000 08:06 5509678                    /lib/x86_64-linux-gnu/libdbus-1.so.3.14.6
7f295f016000-7f295f090000 r-xp 00000000 08:06 4588204                    /usr/lib/x86_64-linux-gnu/pulseaudio/libpulsecommon-8.0.so
7f295f090000-7f295f28f000 ---p 0007a000 08:06 4588204                    /usr/lib/x86_64-linux-gnu/pulseaudio/libpulsecommon-8.0.so
7f295f28f000-7f295f290000 r--p 00079000 08:06 4588204                    /usr/lib/x86_64-linux-gnu/pulseaudio/libpulsecommon-8.0.so
7f295f290000-7f295f291000 rw-p 0007a000 08:06 4588204                    /usr/lib/x86_64-linux-gnu/pulseaudio/libpulsecommon-8.0.so
7f295f291000-7f295f29b000 r-xp 00000000 08:06 5509721                    /lib/x86_64-linux-gnu/libjson-c.so.2.0.0
7f295f29b000-7f295f49a000 ---p 0000a000 08:06 5509721                    /lib/x86_64-linux-gnu/libjson-c.so.2.0.0
7f295f49a000-7f295f49b000 r--p 00009000 08:06 5509721                    /lib/x86_64-linux-gnu/libjson-c.so.2.0.0
7f295f49b000-7f295f49c000 rw-p 0000a000 08:06 5509721                    /lib/x86_64-linux-gnu/libjson-c.so.2.0.0
7f295f49c000-7f295f4ea000 r-xp 00000000 08:06 4326321                    /usr/lib/x86_64-linux-gnu/libpulse.so.0.19.0
7f295f4ea000-7f295f6ea000 ---p 0004e000 08:06 4326321                    /usr/lib/x86_64-linux-gnu/libpulse.so.0.19.0
7f295f6ea000-7f295f6eb000 r--p 0004e000 08:06 4326321                    /usr/lib/x86_64-linux-gnu/libpulse.so.0.19.0
7f295f6eb000-7f295f6ec000 rw-p 0004f000 08:06 4326321                    /usr/lib/x86_64-linux-gnu/libpulse.so.0.19.0
7f295f6ee000-7f295f8ee000 rw-p 00000000 00:00 0 
7f295f8ee000-7f295f9e7000 r-xp 00000000 08:06 4334328                    /usr/lib/x86_64-linux-gnu/libasound.so.2.0.0
7f295f9e7000-7f295fbe6000 ---p 000f9000 08:06 4334328                    /usr/lib/x86_64-linux-gnu/libasound.so.2.0.0
7f295fbe6000-7f295fbed000 r--p 000f8000 08:06 4334328                    /usr/lib/x86_64-linux-gnu/libasound.so.2.0.0
7f295fbed000-7f295fbee000 rw-p 000ff000 08:06 4334328                    /usr/lib/x86_64-linux-gnu/libasound.so.2.0.0
7f295fbee000-7f295fbfd000 r-xp 00000000 08:06 4327185                    /usr/lib/jvm/java-8-openjdk-amd64/jre/lib/amd64/libjsoundalsa.so
7f295fbfd000-7f295fdfc000 ---p 0000f000 08:06 4327185                    /usr/lib/jvm/java-8-openjdk-amd64/jre/lib/amd64/libjsoundalsa.so
7f295fdfc000-7f295fdfd000 r--p 0000e000 08:06 4327185                    /usr/lib/jvm/java-8-openjdk-amd64/jre/lib/amd64/libjsoundalsa.so
7f295fdfd000-7f295fdfe000 rw-p 0000f000 08:06 4327185                    /usr/lib/jvm/java-8-openjdk-amd64/jre/lib/amd64/libjsoundalsa.so
7f295fdfe000-7f295fdff000 r-xp 00000000 08:06 4327262                    /usr/lib/jvm/java-8-openjdk-amd64/jre/lib/amd64/libjsound.so
7f295fdff000-7f295fffe000 ---p 00001000 08:06 4327262                    /usr/lib/jvm/java-8-openjdk-amd64/jre/lib/amd64/libjsound.so
7f295fffe000-7f295ffff000 r--p 00000000 08:06 4327262                    /usr/lib/jvm/java-8-openjdk-amd64/jre/lib/amd64/libjsound.so
7f295ffff000-7f2960000000 rw-p 00001000 08:06 4327262                    /usr/lib/jvm/java-8-openjdk-amd64/jre/lib/amd64/libjsound.so
7f2960000000-7f2960021000 rw-p 00000000 00:00 0 
7f2960021000-7f2964000000 ---p 00000000 00:00 0 
7f2964000000-7f2964146000 rw-p 00000000 00:00 0 
7f2964146000-7f2968000000 ---p 00000000 00:00 0 
7f2968000000-7f2968021000 rw-p 00000000 00:00 0 
7f2968021000-7f296c000000 ---p 00000000 00:00 0 
7f296c000000-7f296c021000 rw-p 00000000 00:00 0 
7f296c021000-7f2970000000 ---p 00000000 00:00 0 
7f2970000000-7f2970021000 rw-p 00000000 00:00 0 
7f2970021000-7f2974000000 ---p 00000000 00:00 0 
7f2974000000-7f2974021000 rw-p 00000000 00:00 0 
7f2974021000-7f2978000000 ---p 00000000 00:00 0 
7f2978000000-7f2978dc6000 rw-p 00000000 00:00 0 
7f2978dc6000-7f297c000000 ---p 00000000 00:00 0 
7f297c000000-7f297c7c0000 rw-p 00000000 00:00 0 
7f297c7c0000-7f2980000000 ---p 00000000 00:00 0 
7f2980000000-7f2980021000 rw-p 00000000 00:00 0 
7f2980021000-7f2984000000 ---p 00000000 00:00 0 
7f2984000000-7f2984246000 rw-p 00000000 00:00 0 
7f2984246000-7f2988000000 ---p 00000000 00:00 0 
7f2988000000-7f2988021000 rw-p 00000000 00:00 0 
7f2988021000-7f298c000000 ---p 00000000 00:00 0 
7f298c000000-7f298c021000 rw-p 00000000 00:00 0 
7f298c021000-7f2990000000 ---p 00000000 00:00 0 
7f2990000000-7f2990021000 rw-p 00000000 00:00 0 
7f2990021000-7f2994000000 ---p 00000000 00:00 0 
7f2994000000-7f2994021000 rw-p 00000000 00:00 0 
7f2994021000-7f2998000000 ---p 00000000 00:00 0 
7f299806e000-7f2998071000 ---p 00000000 00:00 0 
7f2998071000-7f299816f000 rw-p 00000000 00:00 0 
7f299816f000-7f29981ef000 r-xp 00000000 08:06 5509555                    /lib/x86_64-linux-gnu/libsystemd.so.0.14.0
7f29981ef000-7f29981f2000 r--p 0007f000 08:06 5509555                    /lib/x86_64-linux-gnu/libsystemd.so.0.14.0
7f29981f2000-7f29981f3000 rw-p 00082000 08:06 5509555                    /lib/x86_64-linux-gnu/libsystemd.so.0.14.0
7f29981f3000-7f29981f4000 rw-p 00000000 00:00 0 
7f29981f4000-7f29981f7000 ---p 00000000 00:00 0 
7f29981f7000-7f29982f5000 rw-p 00000000 00:00 0 
7f29982f5000-7f29982f8000 ---p 00000000 00:00 0 
7f29982f8000-7f29983f6000 rw-p 00000000 00:00 0 
7f29983f6000-7f29983f9000 ---p 00000000 00:00 0 
7f29983f9000-7f29984f7000 rw-p 00000000 00:00 0 
7f29984f7000-7f29984fc000 r-xp 00000000 08:06 4334249                    /usr/lib/x86_64-linux-gnu/libXfixes.so.3.1.0
7f29984fc000-7f29986fb000 ---p 00005000 08:06 4334249                    /usr/lib/x86_64-linux-gnu/libXfixes.so.3.1.0
7f29986fb000-7f29986fc000 r--p 00004000 08:06 4334249                    /usr/lib/x86_64-linux-gnu/libXfixes.so.3.1.0
7f29986fc000-7f29986fd000 rw-p 00005000 08:06 4334249                    /usr/lib/x86_64-linux-gnu/libXfixes.so.3.1.0
7f29986fd000-7f2998706000 r-xp 00000000 08:06 4329754                    /usr/lib/x86_64-linux-gnu/libXcursor.so.1.0.2
7f2998706000-7f2998905000 ---p 00009000 08:06 4329754                    /usr/lib/x86_64-linux-gnu/libXcursor.so.1.0.2
7f2998905000-7f2998906000 r--p 00008000 08:06 4329754                    /usr/lib/x86_64-linux-gnu/libXcursor.so.1.0.2
7f2998906000-7f2998907000 rw-p 00009000 08:06 4329754                    /usr/lib/x86_64-linux-gnu/libXcursor.so.1.0.2
7f2998907000-7f299890a000 ---p 00000000 00:00 0 
7f299890a000-7f2998a08000 rw-p 00000000 00:00 0 
7f2998a08000-7f2998a2c000 r-xp 00000000 08:06 5509803                    /lib/x86_64-linux-gnu/libpng12.so.0.54.0
7f2998a2c000-7f2998c2b000 ---p 00024000 08:06 5509803                    /lib/x86_64-linux-gnu/libpng12.so.0.54.0
7f2998c2b000-7f2998c2c000 r--p 00023000 08:06 5509803                    /lib/x86_64-linux-gnu/libpng12.so.0.54.0
7f2998c2c000-7f2998c2d000 rw-p 00024000 08:06 5509803                    /lib/x86_64-linux-gnu/libpng12.so.0.54.0
7f2998c2d000-7f2998cd1000 r-xp 00000000 08:06 4334672                    /usr/lib/x86_64-linux-gnu/libfreetype.so.6.12.1
7f2998cd1000-7f2998ed0000 ---p 000a4000 08:06 4334672                    /usr/lib/x86_64-linux-gnu/libfreetype.so.6.12.1
7f2998ed0000-7f2998ed6000 r--p 000a3000 08:06 4334672                    /usr/lib/x86_64-linux-gnu/libfreetype.so.6.12.1
7f2998ed6000-7f2998ed7000 rw-p 000a9000 08:06 4334672                    /usr/lib/x86_64-linux-gnu/libfreetype.so.6.12.1
7f2998ee4000-7f2998ef3000 r--p 00000000 08:06 5395372                    /usr/share/locale-langpack/pt_BR/LC_MESSAGES/pulseaudio.mo
7f2998ef3000-7f2998f45000 r-xp 00000000 08:06 4327245                    /usr/lib/jvm/java-8-openjdk-amd64/jre/lib/amd64/libfontmanager.so
7f2998f45000-7f2999145000 ---p 00052000 08:06 4327245                    /usr/lib/jvm/java-8-openjdk-amd64/jre/lib/amd64/libfontmanager.so
7f2999145000-7f2999147000 r--p 00052000 08:06 4327245                    /usr/lib/jvm/java-8-openjdk-amd64/jre/lib/amd64/libfontmanager.so
7f2999147000-7f2999148000 rw-p 00054000 08:06 4327245                    /usr/lib/jvm/java-8-openjdk-amd64/jre/lib/amd64/libfontmanager.so
7f2999148000-7f299914f000 r--s 00000000 08:06 4591395                    /usr/lib/x86_64-linux-gnu/gconv/gconv-modules.cache
7f299914f000-7f2999154000 r-xp 00000000 08:06 4334245                    /usr/lib/x86_64-linux-gnu/libXdmcp.so.6.0.0
7f2999154000-7f2999353000 ---p 00005000 08:06 4334245                    /usr/lib/x86_64-linux-gnu/libXdmcp.so.6.0.0
7f2999353000-7f2999354000 r--p 00004000 08:06 4334245                    /usr/lib/x86_64-linux-gnu/libXdmcp.so.6.0.0
7f2999354000-7f2999355000 rw-p 00005000 08:06 4334245                    /usr/lib/x86_64-linux-gnu/libXdmcp.so.6.0.0
7f2999355000-7f2999357000 r-xp 00000000 08:06 4334234                    /usr/lib/x86_64-linux-gnu/libXau.so.6.0.0
7f2999357000-7f2999557000 ---p 00002000 08:06 4334234                    /usr/lib/x86_64-linux-gnu/libXau.so.6.0.0
7f2999557000-7f2999558000 r--p 00002000 08:06 4334234                    /usr/lib/x86_64-linux-gnu/libXau.so.6.0.0
7f2999558000-7f2999559000 rw-p 00003000 08:06 4334234                    /usr/lib/x86_64-linux-gnu/libXau.so.6.0.0
7f2999559000-7f299957a000 r-xp 00000000 08:06 4335652                    /usr/lib/x86_64-linux-gnu/libxcb.so.1.1.0
7f299957a000-7f2999779000 ---p 00021000 08:06 4335652                    /usr/lib/x86_64-linux-gnu/libxcb.so.1.1.0
7f2999779000-7f299977a000 r--p 00020000 08:06 4335652                    /usr/lib/x86_64-linux-gnu/libxcb.so.1.1.0
7f299977a000-7f299977b000 rw-p 00021000 08:06 4335652                    /usr/lib/x86_64-linux-gnu/libxcb.so.1.1.0
7f299977b000-7f299978a000 r-xp 00000000 08:06 4334257                    /usr/lib/x86_64-linux-gnu/libXi.so.6.1.0
7f299978a000-7f2999989000 ---p 0000f000 08:06 4334257                    /usr/lib/x86_64-linux-gnu/libXi.so.6.1.0
7f2999989000-7f299998a000 r--p 0000e000 08:06 4334257                    /usr/lib/x86_64-linux-gnu/libXi.so.6.1.0
7f299998a000-7f299998b000 rw-p 0000f000 08:06 4334257                    /usr/lib/x86_64-linux-gnu/libXi.so.6.1.0
7f299998b000-7f2999990000 r-xp 00000000 08:06 4334275                    /usr/lib/x86_64-linux-gnu/libXtst.so.6.1.0
7f2999990000-7f2999b8f000 ---p 00005000 08:06 4334275                    /usr/lib/x86_64-linux-gnu/libXtst.so.6.1.0
7f2999b8f000-7f2999b90000 r--p 00004000 08:06 4334275                    /usr/lib/x86_64-linux-gnu/libXtst.so.6.1.0
7f2999b90000-7f2999b91000 rw-p 00005000 08:06 4334275                    /usr/lib/x86_64-linux-gnu/libXtst.so.6.1.0
7f2999b91000-7f2999b9a000 r-xp 00000000 08:06 4334269                    /usr/lib/x86_64-linux-gnu/libXrender.so.1.3.0
7f2999b9a000-7f2999d99000 ---p 00009000 08:06 4334269                    /usr/lib/x86_64-linux-gnu/libXrender.so.1.3.0
7f2999d99000-7f2999d9a000 r--p 00008000 08:06 4334269                    /usr/lib/x86_64-linux-gnu/libXrender.so.1.3.0
7f2999d9a000-7f2999d9b000 rw-p 00009000 08:06 4334269                    /usr/lib/x86_64-linux-gnu/libXrender.so.1.3.0
7f2999d9b000-7f2999ed0000 r-xp 00000000 08:06 4334230                    /usr/lib/x86_64-linux-gnu/libX11.so.6.3.0
7f2999ed0000-7f299a0d0000 ---p 00135000 08:06 4334230                    /usr/lib/x86_64-linux-gnu/libX11.so.6.3.0
7f299a0d0000-7f299a0d1000 r--p 00135000 08:06 4334230                    /usr/lib/x86_64-linux-gnu/libX11.so.6.3.0
7f299a0d1000-7f299a0d5000 rw-p 00136000 08:06 4334230                    /usr/lib/x86_64-linux-gnu/libX11.so.6.3.0
7f299a0d5000-7f299a0e6000 r-xp 00000000 08:06 4334247                    /usr/lib/x86_64-linux-gnu/libXext.so.6.4.0
7f299a0e6000-7f299a2e5000 ---p 00011000 08:06 4334247                    /usr/lib/x86_64-linux-gnu/libXext.so.6.4.0
7f299a2e5000-7f299a2e6000 r--p 00010000 08:06 4334247                    /usr/lib/x86_64-linux-gnu/libXext.so.6.4.0
7f299a2e6000-7f299a2e7000 rw-p 00011000 08:06 4334247                    /usr/lib/x86_64-linux-gnu/libXext.so.6.4.0
7f299a2e7000-7f299a33c000 r-xp 00000000 08:06 4327249                    /usr/lib/jvm/java-8-openjdk-amd64/jre/lib/amd64/libawt_xawt.so
7f299a33c000-7f299a53b000 ---p 00055000 08:06 4327249                    /usr/lib/jvm/java-8-openjdk-amd64/jre/lib/amd64/libawt_xawt.so
7f299a53b000-7f299a53c000 r--p 00054000 08:06 4327249                    /usr/lib/jvm/java-8-openjdk-amd64/jre/lib/amd64/libawt_xawt.so
7f299a53c000-7f299a53f000 rw-p 00055000 08:06 4327249                    /usr/lib/jvm/java-8-openjdk-amd64/jre/lib/amd64/libawt_xawt.so
7f299a53f000-7f299a540000 rw-p 00000000 00:00 0 
7f299a540000-7f299a5e0000 r-xp 00000000 08:06 4327248                    /usr/lib/jvm/java-8-openjdk-amd64/jre/lib/amd64/libawt.so
7f299a5e0000-7f299a7e0000 ---p 000a0000 08:06 4327248                    /usr/lib/jvm/java-8-openjdk-amd64/jre/lib/amd64/libawt.so
7f299a7e0000-7f299a7e1000 r--p 000a0000 08:06 4327248                    /usr/lib/jvm/java-8-openjdk-amd64/jre/lib/amd64/libawt.so
7f299a7e1000-7f299a7ec000 rw-p 000a1000 08:06 4327248                    /usr/lib/jvm/java-8-openjdk-amd64/jre/lib/amd64/libawt.so
7f299a7ec000-7f299a811000 rw-p 00000000 00:00 0 
7f299a811000-7f299a812000 ---p 00000000 00:00 0 
7f299a812000-7f299a912000 rw-p 00000000 00:00 0 
7f299a912000-7f299a915000 ---p 00000000 00:00 0 
7f299a915000-7f299aa13000 rw-p 00000000 00:00 0 
7f299aa13000-7f299aa16000 ---p 00000000 00:00 0 
7f299aa16000-7f299ab14000 rw-p 00000000 00:00 0 
7f299ab14000-7f299ab17000 ---p 00000000 00:00 0 
7f299ab17000-7f299ac15000 rw-p 00000000 00:00 0 
7f299ac15000-7f299ac18000 ---p 00000000 00:00 0 
7f299ac18000-7f299ad16000 rw-p 00000000 00:00 0 
7f299ad16000-7f299ad19000 ---p 00000000 00:00 0 
7f299ad19000-7f299ae17000 rw-p 00000000 00:00 0 
7f299ae17000-7f299b0f1000 r--p 00000000 08:06 4332978                    /usr/lib/locale/locale-archive
7f299b0f1000-7f299b0f4000 ---p 00000000 00:00 0 
7f299b0f4000-7f299b1f2000 rw-p 00000000 00:00 0 
7f299b1f2000-7f299b1f5000 ---p 00000000 00:00 0 
7f299b1f5000-7f299b2f3000 rw-p 00000000 00:00 0 
7f299b2f3000-7f299b2f4000 ---p 00000000 00:00 0 
7f299b2f4000-7f299c000000 rw-p 00000000 00:00 0 
7f299c000000-7f299c021000 rw-p 00000000 00:00 0 
7f299c021000-7f29a0000000 ---p 00000000 00:00 0 
7f29a0000000-7f29a0021000 rw-p 00000000 00:00 0 
7f29a0021000-7f29a4000000 ---p 00000000 00:00 0 
7f29a4000000-7f29a4021000 rw-p 00000000 00:00 0 
7f29a4021000-7f29a8000000 ---p 00000000 00:00 0 
7f29a8003000-7f29a8024000 r--p 00000000 08:06 5395289                    /usr/share/locale-langpack/pt_BR/LC_MESSAGES/libc.mo
7f29a8024000-7f29a8027000 r--s 00017000 08:06 1321498                    /home/gabriel/Área de Trabalho/JLayer1.0.1/jl1.0.1.jar
7f29a8027000-7f29a802a000 r--s 0001b000 08:06 3803091                    /home/gabriel/Área de Trabalho/MusicPlay/src/jgoodies-forms-1.8.0.jar
7f29a802a000-7f29a802f000 r--s 002f9000 08:06 4327227                    /usr/lib/jvm/java-8-openjdk-amd64/jre/lib/charsets.jar
7f29a802f000-7f29a8042000 r--s 00346000 08:06 4327239                    /usr/lib/jvm/java-8-openjdk-amd64/jre/lib/resources.jar
7f29a8042000-7f29a805d000 r--s 001d6000 08:06 4327235                    /usr/lib/jvm/java-8-openjdk-amd64/jre/lib/ext/nashorn.jar
7f29a805d000-7f29a8078000 r--s 00394000 08:06 4327232                    /usr/lib/jvm/java-8-openjdk-amd64/jre/lib/ext/cldrdata.jar
7f29a8078000-7f29a83de000 rw-p 00000000 00:00 0 
7f29a83de000-7f29a85ad000 r--s 03c2f000 08:06 4329099                    /usr/lib/jvm/java-8-openjdk-amd64/jre/lib/rt.jar
7f29a85ad000-7f29a9000000 rw-p 00000000 00:00 0 
7f29a9000000-7f29a9610000 rwxp 00000000 00:00 0 
7f29a9610000-7f29b8000000 ---p 00000000 00:00 0 
7f29b8000000-7f29b8270000 rw-p 00000000 00:00 0 
7f29b8270000-7f29bc000000 ---p 00000000 00:00 0 
7f29bc002000-7f29bc004000 r--s 00007000 08:06 3803089                    /home/gabriel/Área de Trabalho/MusicPlay/src/jgoodies-common-1.8.0.jar
7f29bc004000-7f29bc009000 r--s 002f9000 08:06 4327227                    /usr/lib/jvm/java-8-openjdk-amd64/jre/lib/charsets.jar
7f29bc009000-7f29bc00b000 r--s 00016000 08:06 4327374                    /usr/lib/jvm/java-8-openjdk-amd64/jre/lib/jce.jar
7f29bc00b000-7f29bc010000 r--s 0009d000 08:06 4350548                    /usr/lib/jvm/java-8-openjdk-amd64/jre/lib/jsse.jar
7f29bc010000-7f29bc016000 r--s 0003b000 08:06 4327233                    /usr/lib/jvm/java-8-openjdk-amd64/jre/lib/ext/sunjce_provider.jar
7f29bc016000-7f29bde34000 rw-p 00000000 00:00 0 
7f29bde34000-7f29bde35000 ---p 00000000 00:00 0 
7f29bde35000-7f29bdf35000 rw-p 00000000 00:00 0 
7f29bdf35000-7f29bdf36000 ---p 00000000 00:00 0 
7f29bdf36000-7f29be036000 rw-p 00000000 00:00 0 
7f29be036000-7f29be037000 ---p 00000000 00:00 0 
7f29be037000-7f29be137000 rw-p 00000000 00:00 0 
7f29be137000-7f29be138000 ---p 00000000 00:00 0 
7f29be138000-7f29be24c000 rw-p 00000000 00:00 0 
7f29be24c000-7f29be376000 ---p 00000000 00:00 0 
7f29be376000-7f29be38a000 rw-p 00000000 00:00 0 
7f29be38a000-7f29be4b4000 ---p 00000000 00:00 0 
7f29be4b4000-7f29be553000 rw-p 00000000 00:00 0 
7f29be553000-7f29be56d000 rw-p 00000000 00:00 0 
7f29be56d000-7f29be914000 ---p 00000000 00:00 0 
7f29be914000-7f29be91c000 r-xp 00000000 08:06 4327264                    /usr/lib/jvm/java-8-openjdk-amd64/jre/lib/amd64/libzip.so
7f29be91c000-7f29beb1b000 ---p 00008000 08:06 4327264                    /usr/lib/jvm/java-8-openjdk-amd64/jre/lib/amd64/libzip.so
7f29beb1b000-7f29beb1c000 r--p 00007000 08:06 4327264                    /usr/lib/jvm/java-8-openjdk-amd64/jre/lib/amd64/libzip.so
7f29beb1c000-7f29beb1d000 rw-p 00008000 08:06 4327264                    /usr/lib/jvm/java-8-openjdk-amd64/jre/lib/amd64/libzip.so
7f29beb1d000-7f29beb28000 r-xp 00000000 08:06 5505121                    /lib/x86_64-linux-gnu/libnss_files-2.23.so
7f29beb28000-7f29bed27000 ---p 0000b000 08:06 5505121                    /lib/x86_64-linux-gnu/libnss_files-2.23.so
7f29bed27000-7f29bed28000 r--p 0000a000 08:06 5505121                    /lib/x86_64-linux-gnu/libnss_files-2.23.so
7f29bed28000-7f29bed29000 rw-p 0000b000 08:06 5505121                    /lib/x86_64-linux-gnu/libnss_files-2.23.so
7f29bed29000-7f29bed2f000 rw-p 00000000 00:00 0 
7f29bed2f000-7f29bed3a000 r-xp 00000000 08:06 5509679                    /lib/x86_64-linux-gnu/libnss_nis-2.23.so
7f29bed3a000-7f29bef39000 ---p 0000b000 08:06 5509679                    /lib/x86_64-linux-gnu/libnss_nis-2.23.so
7f29bef39000-7f29bef3a000 r--p 0000a000 08:06 5509679                    /lib/x86_64-linux-gnu/libnss_nis-2.23.so
7f29bef3a000-7f29bef3b000 rw-p 0000b000 08:06 5509679                    /lib/x86_64-linux-gnu/libnss_nis-2.23.so
7f29bef3b000-7f29bef51000 r-xp 00000000 08:06 5505041                    /lib/x86_64-linux-gnu/libnsl-2.23.so
7f29bef51000-7f29bf150000 ---p 00016000 08:06 5505041                    /lib/x86_64-linux-gnu/libnsl-2.23.so
7f29bf150000-7f29bf151000 r--p 00015000 08:06 5505041                    /lib/x86_64-linux-gnu/libnsl-2.23.so
7f29bf151000-7f29bf152000 rw-p 00016000 08:06 5505041                    /lib/x86_64-linux-gnu/libnsl-2.23.so
7f29bf152000-7f29bf154000 rw-p 00000000 00:00 0 
7f29bf154000-7f29bf15c000 r-xp 00000000 08:06 5505116                    /lib/x86_64-linux-gnu/libnss_compat-2.23.so
7f29bf15c000-7f29bf35b000 ---p 00008000 08:06 5505116                    /lib/x86_64-linux-gnu/libnss_compat-2.23.so
7f29bf35b000-7f29bf35c000 r--p 00007000 08:06 5505116                    /lib/x86_64-linux-gnu/libnss_compat-2.23.so
7f29bf35c000-7f29bf35d000 rw-p 00008000 08:06 5505116                    /lib/x86_64-linux-gnu/libnss_compat-2.23.so
7f29bf35d000-7f29bf38a000 r-xp 00000000 08:06 4327254                    /usr/lib/jvm/java-8-openjdk-amd64/jre/lib/amd64/libjava.so
7f29bf38a000-7f29bf589000 ---p 0002d000 08:06 4327254                    /usr/lib/jvm/java-8-openjdk-amd64/jre/lib/amd64/libjava.so
7f29bf589000-7f29bf58a000 r--p 0002c000 08:06 4327254                    /usr/lib/jvm/java-8-openjdk-amd64/jre/lib/amd64/libjava.so
7f29bf58a000-7f29bf58c000 rw-p 0002d000 08:06 4327254                    /usr/lib/jvm/java-8-openjdk-amd64/jre/lib/amd64/libjava.so
7f29bf58c000-7f29bf59b000 r-xp 00000000 08:06 4327240                    /usr/lib/jvm/java-8-openjdk-amd64/jre/lib/amd64/libverify.so
7f29bf59b000-7f29bf79a000 ---p 0000f000 08:06 4327240                    /usr/lib/jvm/java-8-openjdk-amd64/jre/lib/amd64/libverify.so
7f29bf79a000-7f29bf79c000 r--p 0000e000 08:06 4327240                    /usr/lib/jvm/java-8-openjdk-amd64/jre/lib/amd64/libverify.so
7f29bf79c000-7f29bf79d000 rw-p 00010000 08:06 4327240                    /usr/lib/jvm/java-8-openjdk-amd64/jre/lib/amd64/libverify.so
7f29bf79d000-7f29bf7a4000 r-xp 00000000 08:06 5509680                    /lib/x86_64-linux-gnu/librt-2.23.so
7f29bf7a4000-7f29bf9a3000 ---p 00007000 08:06 5509680                    /lib/x86_64-linux-gnu/librt-2.23.so
7f29bf9a3000-7f29bf9a4000 r--p 00006000 08:06 5509680                    /lib/x86_64-linux-gnu/librt-2.23.so
7f29bf9a4000-7f29bf9a5000 rw-p 00007000 08:06 5509680                    /lib/x86_64-linux-gnu/librt-2.23.so
7f29bf9a5000-7f29bf9bb000 r-xp 00000000 08:06 5509700                    /lib/x86_64-linux-gnu/libgcc_s.so.1
7f29bf9bb000-7f29bfbba000 ---p 00016000 08:06 5509700                    /lib/x86_64-linux-gnu/libgcc_s.so.1
7f29bfbba000-7f29bfbbb000 rw-p 00015000 08:06 5509700                    /lib/x86_64-linux-gnu/libgcc_s.so.1
7f29bfbbb000-7f29bfcc3000 r-xp 00000000 08:06 5505038                    /lib/x86_64-linux-gnu/libm-2.23.so
7f29bfcc3000-7f29bfec2000 ---p 00108000 08:06 5505038                    /lib/x86_64-linux-gnu/libm-2.23.so
7f29bfec2000-7f29bfec3000 r--p 00107000 08:06 5505038                    /lib/x86_64-linux-gnu/libm-2.23.so
7f29bfec3000-7f29bfec4000 rw-p 00108000 08:06 5505038                    /lib/x86_64-linux-gnu/libm-2.23.so
7f29bfec4000-7f29c0036000 r-xp 00000000 08:06 4327557                    /usr/lib/x86_64-linux-gnu/libstdc++.so.6.0.21
7f29c0036000-7f29c0236000 ---p 00172000 08:06 4327557                    /usr/lib/x86_64-linux-gnu/libstdc++.so.6.0.21
7f29c0236000-7f29c0240000 r--p 00172000 08:06 4327557                    /usr/lib/x86_64-linux-gnu/libstdc++.so.6.0.21
7f29c0240000-7f29c0242000 rw-p 0017c000 08:06 4327557                    /usr/lib/x86_64-linux-gnu/libstdc++.so.6.0.21
7f29c0242000-7f29c0246000 rw-p 00000000 00:00 0 
7f29c0246000-7f29c0e9f000 r-xp 00000000 08:06 4327268                    /usr/lib/jvm/java-8-openjdk-amd64/jre/lib/amd64/server/libjvm.so
7f29c0e9f000-7f29c109f000 ---p 00c59000 08:06 4327268                    /usr/lib/jvm/java-8-openjdk-amd64/jre/lib/amd64/server/libjvm.so
7f29c109f000-7f29c1132000 r--p 00c59000 08:06 4327268                    /usr/lib/jvm/java-8-openjdk-amd64/jre/lib/amd64/server/libjvm.so
7f29c1132000-7f29c115b000 rw-p 00cec000 08:06 4327268                    /usr/lib/jvm/java-8-openjdk-amd64/jre/lib/amd64/server/libjvm.so
7f29c115b000-7f29c118b000 rw-p 00000000 00:00 0 
7f29c118b000-7f29c11a3000 r-xp 00000000 08:06 5505107                    /lib/x86_64-linux-gnu/libpthread-2.23.so
7f29c11a3000-7f29c13a2000 ---p 00018000 08:06 5505107                    /lib/x86_64-linux-gnu/libpthread-2.23.so
7f29c13a2000-7f29c13a3000 r--p 00017000 08:06 5505107                    /lib/x86_64-linux-gnu/libpthread-2.23.so
7f29c13a3000-7f29c13a4000 rw-p 00018000 08:06 5505107                    /lib/x86_64-linux-gnu/libpthread-2.23.so
7f29c13a4000-7f29c13a8000 rw-p 00000000 00:00 0 
7f29c13a8000-7f29c13ab000 r-xp 00000000 08:06 5505110                    /lib/x86_64-linux-gnu/libdl-2.23.so
7f29c13ab000-7f29c15aa000 ---p 00003000 08:06 5505110                    /lib/x86_64-linux-gnu/libdl-2.23.so
7f29c15aa000-7f29c15ab000 r--p 00002000 08:06 5505110                    /lib/x86_64-linux-gnu/libdl-2.23.so
7f29c15ab000-7f29c15ac000 rw-p 00003000 08:06 5505110                    /lib/x86_64-linux-gnu/libdl-2.23.so
7f29c15ac000-7f29c15c5000 r-xp 00000000 08:06 5509853                    /lib/x86_64-linux-gnu/libz.so.1.2.8
7f29c15c5000-7f29c17c4000 ---p 00019000 08:06 5509853                    /lib/x86_64-linux-gnu/libz.so.1.2.8
7f29c17c4000-7f29c17c5000 r--p 00018000 08:06 5509853                    /lib/x86_64-linux-gnu/libz.so.1.2.8
7f29c17c5000-7f29c17c6000 rw-p 00019000 08:06 5509853                    /lib/x86_64-linux-gnu/libz.so.1.2.8
7f29c17c6000-7f29c1986000 r-xp 00000000 08:06 5505108                    /lib/x86_64-linux-gnu/libc-2.23.so
7f29c1986000-7f29c1b86000 ---p 001c0000 08:06 5505108                    /lib/x86_64-linux-gnu/libc-2.23.so
7f29c1b86000-7f29c1b8a000 r--p 001c0000 08:06 5505108                    /lib/x86_64-linux-gnu/libc-2.23.so
7f29c1b8a000-7f29c1b8c000 rw-p 001c4000 08:06 5505108                    /lib/x86_64-linux-gnu/libc-2.23.so
7f29c1b8c000-7f29c1b90000 rw-p 00000000 00:00 0 
7f29c1b90000-7f29c1b9d000 r-xp 00000000 08:06 4327265                    /usr/lib/jvm/java-8-openjdk-amd64/jre/lib/amd64/jli/libjli.so
7f29c1b9d000-7f29c1d9d000 ---p 0000d000 08:06 4327265                    /usr/lib/jvm/java-8-openjdk-amd64/jre/lib/amd64/jli/libjli.so
7f29c1d9d000-7f29c1d9e000 r--p 0000d000 08:06 4327265                    /usr/lib/jvm/java-8-openjdk-amd64/jre/lib/amd64/jli/libjli.so
7f29c1d9e000-7f29c1d9f000 rw-p 0000e000 08:06 4327265                    /usr/lib/jvm/java-8-openjdk-amd64/jre/lib/amd64/jli/libjli.so
7f29c1d9f000-7f29c1dc5000 r-xp 00000000 08:06 5505049                    /lib/x86_64-linux-gnu/ld-2.23.so
7f29c1dc5000-7f29c1dc8000 r--s 0000f000 08:06 4327234                    /usr/lib/jvm/java-8-openjdk-amd64/jre/lib/ext/icedtea-sound.jar
7f29c1dc8000-7f29c1dca000 r--s 00001000 08:06 4327230                    /usr/lib/jvm/java-8-openjdk-amd64/jre/lib/ext/dnsns.jar
7f29c1dca000-7f29c1ea2000 rw-p 00000000 00:00 0 
7f29c1ea2000-7f29c1ea5000 ---p 00000000 00:00 0 
7f29c1ea5000-7f29c1fa7000 rw-p 00000000 00:00 0 
7f29c1fa8000-7f29c1fab000 r--s 00038000 08:06 4327231                    /usr/lib/jvm/java-8-openjdk-amd64/jre/lib/ext/sunpkcs11.jar
7f29c1fab000-7f29c1fac000 r--s 00010000 08:06 4327229                    /usr/lib/jvm/java-8-openjdk-amd64/jre/lib/ext/zipfs.jar
7f29c1fac000-7f29c1fae000 r--s 00008000 08:06 4327228                    /usr/lib/jvm/java-8-openjdk-amd64/jre/lib/ext/sunec.jar
7f29c1fae000-7f29c1faf000 r--s 0000a000 08:06 4327236                    /usr/lib/jvm/java-8-openjdk-amd64/jre/lib/ext/jaccess.jar
7f29c1faf000-7f29c1fb9000 r--s 00116000 08:06 4327237                    /usr/lib/jvm/java-8-openjdk-amd64/jre/lib/ext/localedata.jar
7f29c1fb9000-7f29c1fc1000 rw-s 00000000 08:06 1190984                    /tmp/hsperfdata_gabriel/11048
7f29c1fc1000-7f29c1fc2000 rw-p 00000000 00:00 0 
7f29c1fc2000-7f29c1fc3000 ---p 00000000 00:00 0 
7f29c1fc3000-7f29c1fc4000 rw-p 00000000 00:00 0 
7f29c1fc4000-7f29c1fc5000 r--p 00025000 08:06 5505049                    /lib/x86_64-linux-gnu/ld-2.23.so
7f29c1fc5000-7f29c1fc6000 rw-p 00026000 08:06 5505049                    /lib/x86_64-linux-gnu/ld-2.23.so
7f29c1fc6000-7f29c1fc7000 rw-p 00000000 00:00 0 
7fffa5d49000-7fffa5d6a000 rw-p 00000000 00:00 0                          [stack]
7fffa5dea000-7fffa5ded000 r--p 00000000 00:00 0                          [vvar]
7fffa5ded000-7fffa5def000 r-xp 00000000 00:00 0                          [vdso]
ffffffffff600000-ffffffffff601000 r-xp 00000000 00:00 0                  [vsyscall]

VM Arguments:
jvm_args: -Dfile.encoding=UTF-8 
java_command: Janela
java_class_path (initial): /usr/lib/jvm/java-8-openjdk-amd64/jre/lib/resources.jar:/usr/lib/jvm/java-8-openjdk-amd64/jre/lib/rt.jar:/usr/lib/jvm/java-8-openjdk-amd64/jre/lib/jsse.jar:/usr/lib/jvm/java-8-openjdk-amd64/jre/lib/jce.jar:/usr/lib/jvm/java-8-openjdk-amd64/jre/lib/charsets.jar:/usr/lib/jvm/java-8-openjdk-amd64/jre/lib/ext/localedata.jar:/usr/lib/jvm/java-8-openjdk-amd64/jre/lib/ext/jaccess.jar:/usr/lib/jvm/java-8-openjdk-amd64/jre/lib/ext/cldrdata.jar:/usr/lib/jvm/java-8-openjdk-amd64/jre/lib/ext/sunec.jar:/usr/lib/jvm/java-8-openjdk-amd64/jre/lib/ext/nashorn.jar:/usr/lib/jvm/java-8-openjdk-amd64/jre/lib/ext/zipfs.jar:/usr/lib/jvm/java-8-openjdk-amd64/jre/lib/ext/sunpkcs11.jar:/usr/lib/jvm/java-8-openjdk-amd64/jre/lib/ext/dnsns.jar:/usr/lib/jvm/java-8-openjdk-amd64/jre/lib/ext/sunjce_provider.jar:/usr/lib/jvm/java-8-openjdk-amd64/jre/lib/ext/icedtea-sound.jar:/home/gabriel/Área de Trabalho/MusicPlay/src:/home/gabriel/Área de Trabalho/MusicPlay/src/jgoodies-common-1.8.0.jar:/home/gabriel/Área de Trabalho/MusicPlay/src/jgoodies-forms-1.8.0.jar:/home/gabriel/Área de Trabalho/JLayer1.0.1/jl1.0.1.jar
Launcher Type: SUN_STANDARD

Environment Variables:
PATH=/home/gabriel/bin:/home/gabriel/.local/bin:/usr/local/sbin:/usr/local/bin:/usr/sbin:/usr/bin:/sbin:/bin:/usr/games:/usr/local/games:/snap/bin
SHELL=/bin/bash
DISPLAY=:0

Signal Handlers:
SIGSEGV: [libjvm.so+0xa6e6f0], sa_mask[0]=11111111011111111101111111111110, sa_flags=SA_RESTART|SA_SIGINFO
SIGBUS: [libjvm.so+0xa6e6f0], sa_mask[0]=11111111011111111101111111111110, sa_flags=SA_RESTART|SA_SIGINFO
SIGFPE: [libjvm.so+0x8b5d50], sa_mask[0]=11111111011111111101111111111110, sa_flags=SA_RESTART|SA_SIGINFO
SIGPIPE: [libjvm.so+0x8b5d50], sa_mask[0]=11111111011111111101111111111110, sa_flags=SA_RESTART|SA_SIGINFO
SIGXFSZ: [libjvm.so+0x8b5d50], sa_mask[0]=11111111011111111101111111111110, sa_flags=SA_RESTART|SA_SIGINFO
SIGILL: [libjvm.so+0x8b5d50], sa_mask[0]=11111111011111111101111111111110, sa_flags=SA_RESTART|SA_SIGINFO
SIGUSR1: SIG_DFL, sa_mask[0]=00000000000000000000000000000000, sa_flags=none
SIGUSR2: [libjvm.so+0x8b5c00], sa_mask[0]=00100000000000000000000000000000, sa_flags=SA_RESTART|SA_SIGINFO
SIGHUP: [libjvm.so+0x8b60d0], sa_mask[0]=11111111011111111101111111111110, sa_flags=SA_RESTART|SA_SIGINFO
SIGINT: [libjvm.so+0x8b60d0], sa_mask[0]=11111111011111111101111111111110, sa_flags=SA_RESTART|SA_SIGINFO
SIGTERM: [libjvm.so+0x8b60d0], sa_mask[0]=11111111011111111101111111111110, sa_flags=SA_RESTART|SA_SIGINFO
SIGQUIT: [libjvm.so+0x8b60d0], sa_mask[0]=11111111011111111101111111111110, sa_flags=SA_RESTART|SA_SIGINFO


---------------  S Y S T E M  ---------------

OS:DISTRIB_ID=Ubuntu
DISTRIB_RELEASE=16.04
DISTRIB_CODENAME=xenial
DISTRIB_DESCRIPTION="Ubuntu 16.04.4 LTS"

uname:Linux 4.13.0-41-generic #46~16.04.1-Ubuntu SMP Thu May 3 10:06:43 UTC 2018 x86_64
libc:glibc 2.23 NPTL 2.23 
rlimit: STACK 8192k, CORE 0k, NPROC 15049, NOFILE 1048576, AS infinity
load average:42,28 12,34 6,00

/proc/meminfo:
MemTotal:        3905488 kB
MemFree:         2535948 kB
MemAvailable:    2955040 kB
Buffers:          236464 kB
Cached:           361544 kB
SwapCached:        51056 kB
Active:           896980 kB
Inactive:         220316 kB
Active(anon):     483704 kB
Inactive(anon):    79288 kB
Active(file):     413276 kB
Inactive(file):   141028 kB
Unevictable:          32 kB
Mlocked:              32 kB
SwapTotal:       3906556 kB
SwapFree:        3053420 kB
Dirty:               380 kB
Writeback:            92 kB
AnonPages:        502432 kB
Mapped:            49548 kB
Shmem:             43704 kB
Slab:             185840 kB
SReclaimable:     144676 kB
SUnreclaim:        41164 kB
KernelStack:        7984 kB
PageTables:        12320 kB
NFS_Unstable:          0 kB
Bounce:                0 kB
WritebackTmp:          0 kB
CommitLimit:     5859300 kB
Committed_AS:    4473412 kB
VmallocTotal:   34359738367 kB
VmallocUsed:           0 kB
VmallocChunk:          0 kB
HardwareCorrupted:     0 kB
AnonHugePages:         0 kB
ShmemHugePages:        0 kB
ShmemPmdMapped:        0 kB
CmaTotal:              0 kB
CmaFree:               0 kB
HugePages_Total:       0
HugePages_Free:        0
HugePages_Rsvd:        0
HugePages_Surp:        0
Hugepagesize:       2048 kB
DirectMap4k:      236148 kB
DirectMap2M:     3823616 kB
DirectMap1G:           0 kB


CPU:total 4 (initial active 4) (2 cores per cpu, 2 threads per core) family 6 model 78 stepping 3, cmov, cx8, fxsr, mmx, sse, sse2, sse3, ssse3, sse4.1, sse4.2, popcnt, avx, avx2, aes, clmul, erms, 3dnowpref, lzcnt, ht, tsc, tscinvbit, bmi1, bmi2, adx

/proc/cpuinfo:
processor	: 0
vendor_id	: GenuineIntel
cpu family	: 6
model		: 78
model name	: Intel(R) Core(TM) i3-6006U CPU @ 2.00GHz
stepping	: 3
microcode	: 0xba
cpu MHz		: 2000.452
cache size	: 3072 KB
physical id	: 0
siblings	: 4
core id		: 0
cpu cores	: 2
apicid		: 0
initial apicid	: 0
fpu		: yes
fpu_exception	: yes
cpuid level	: 22
wp		: yes
flags		: fpu vme de pse tsc msr pae mce cx8 apic sep mtrr pge mca cmov pat pse36 clflush dts acpi mmx fxsr sse sse2 ss ht tm pbe syscall nx pdpe1gb rdtscp lm constant_tsc art arch_perfmon pebs bts rep_good nopl xtopology nonstop_tsc cpuid aperfmperf tsc_known_freq pni pclmulqdq dtes64 monitor ds_cpl vmx est tm2 ssse3 sdbg fma cx16 xtpr pdcm pcid sse4_1 sse4_2 x2apic movbe popcnt tsc_deadline_timer aes xsave avx f16c rdrand lahf_lm abm 3dnowprefetch cpuid_fault epb invpcid_single pti retpoline intel_pt rsb_ctxsw tpr_shadow vnmi flexpriority ept vpid fsgsbase tsc_adjust bmi1 avx2 smep bmi2 erms invpcid mpx rdseed adx smap clflushopt xsaveopt xsavec xgetbv1 xsaves dtherm arat pln pts hwp hwp_notify hwp_act_window hwp_epp
bugs		: cpu_meltdown spectre_v1 spectre_v2
bogomips	: 3984.00
clflush size	: 64
cache_alignment	: 64
address sizes	: 39 bits physical, 48 bits virtual
power management:

processor	: 1
vendor_id	: GenuineIntel
cpu family	: 6
model		: 78
model name	: Intel(R) Core(TM) i3-6006U CPU @ 2.00GHz
stepping	: 3
microcode	: 0xba
cpu MHz		: 1998.991
cache size	: 3072 KB
physical id	: 0
siblings	: 4
core id		: 1
cpu cores	: 2
apicid		: 2
initial apicid	: 2
fpu		: yes
fpu_exception	: yes
cpuid level	: 22
wp		: yes
flags		: fpu vme de pse tsc msr pae mce cx8 apic sep mtrr pge mca cmov pat pse36 clflush dts acpi mmx fxsr sse sse2 ss ht tm pbe syscall nx pdpe1gb rdtscp lm constant_tsc art arch_perfmon pebs bts rep_good nopl xtopology nonstop_tsc cpuid aperfmperf tsc_known_freq pni pclmulqdq dtes64 monitor ds_cpl vmx est tm2 ssse3 sdbg fma cx16 xtpr pdcm pcid sse4_1 sse4_2 x2apic movbe popcnt tsc_deadline_timer aes xsave avx f16c rdrand lahf_lm abm 3dnowprefetch cpuid_fault epb invpcid_single pti retpoline intel_pt rsb_ctxsw tpr_shadow vnmi flexpriority ept vpid fsgsbase tsc_adjust bmi1 avx2 smep bmi2 erms invpcid mpx rdseed adx smap clflushopt xsaveopt xsavec xgetbv1 xsaves dtherm arat pln pts hwp hwp_notify hwp_act_window hwp_epp
bugs		: cpu_meltdown spectre_v1 spectre_v2
bogomips	: 3984.00
clflush size	: 64
cache_alignment	: 64
address sizes	: 39 bits physical, 48 bits virtual
power management:

processor	: 2
vendor_id	: GenuineIntel
cpu family	: 6
model		: 78
model name	: Intel(R) Core(TM) i3-6006U CPU @ 2.00GHz
stepping	: 3
microcode	: 0xba
cpu MHz		: 2000.171
cache size	: 3072 KB
physical id	: 0
siblings	: 4
core id		: 0
cpu cores	: 2
apicid		: 1
initial apicid	: 1
fpu		: yes
fpu_exception	: yes
cpuid level	: 22
wp		: yes
flags		: fpu vme de pse tsc msr pae mce cx8 apic sep mtrr pge mca cmov pat pse36 clflush dts acpi mmx fxsr sse sse2 ss ht tm pbe syscall nx pdpe1gb rdtscp lm constant_tsc art arch_perfmon pebs bts rep_good nopl xtopology nonstop_tsc cpuid aperfmperf tsc_known_freq pni pclmulqdq dtes64 monitor ds_cpl vmx est tm2 ssse3 sdbg fma cx16 xtpr pdcm pcid sse4_1 sse4_2 x2apic movbe popcnt tsc_deadline_timer aes xsave avx f16c rdrand lahf_lm abm 3dnowprefetch cpuid_fault epb invpcid_single pti retpoline intel_pt rsb_ctxsw tpr_shadow vnmi flexpriority ept vpid fsgsbase tsc_adjust bmi1 avx2 smep bmi2 erms invpcid mpx rdseed adx smap clflushopt xsaveopt xsavec xgetbv1 xsaves dtherm arat pln pts hwp hwp_notify hwp_act_window hwp_epp
bugs		: cpu_meltdown spectre_v1 spectre_v2
bogomips	: 3984.00
clflush size	: 64
cache_alignment	: 64
address sizes	: 39 bits physical, 48 bits virtual
power management:

processor	: 3
vendor_id	: GenuineIntel
cpu family	: 6
model		: 78
model name	: Intel(R) Core(TM) i3-6006U CPU @ 2.00GHz
stepping	: 3
microcode	: 0xba
cpu MHz		: 2000.001
cache size	: 3072 KB
physical id	: 0
siblings	: 4
core id		: 1
cpu cores	: 2
apicid		: 3
initial apicid	: 3
fpu		: yes
fpu_exception	: yes
cpuid level	: 22
wp		: yes
flags		: fpu vme de pse tsc msr pae mce cx8 apic sep mtrr pge mca cmov pat pse36 clflush dts acpi mmx fxsr sse sse2 ss ht tm pbe syscall nx pdpe1gb rdtscp lm constant_tsc art arch_perfmon pebs bts rep_good nopl xtopology nonstop_tsc cpuid aperfmperf tsc_known_freq pni pclmulqdq dtes64 monitor ds_cpl vmx est tm2 ssse3 sdbg fma cx16 xtpr pdcm pcid sse4_1 sse4_2 x2apic movbe popcnt tsc_deadline_timer aes xsave avx f16c rdrand lahf_lm abm 3dnowprefetch cpuid_fault epb invpcid_single pti retpoline intel_pt rsb_ctxsw tpr_shadow vnmi flexpriority ept vpid fsgsbase tsc_adjust bmi1 avx2 smep bmi2 erms invpcid mpx rdseed adx smap clflushopt xsaveopt xsavec xgetbv1 xsaves dtherm arat pln pts hwp hwp_notify hwp_act_window hwp_epp
bugs		: cpu_meltdown spectre_v1 spectre_v2
bogomips	: 3984.00
clflush size	: 64
cache_alignment	: 64
address sizes	: 39 bits physical, 48 bits virtual
power management:



Memory: 4k page, physical 3905488k(2535948k free), swap 3906556k(3053420k free)

vm_info: OpenJDK 64-Bit Server VM (25.171-b11) for linux-amd64 JRE (1.8.0_171-8u171-b11-0ubuntu0.16.04.1-b11), built on Apr 27 2018 17:19:03 by "buildd" with gcc 5.4.0 20160609

time: Mon Jun 11 18:27:09 2018
elapsed time: 9904 seconds (0d 2h 45m 4s)

